INFO: [VRFC 10-2263] Analyzing Verilog file "D:/xilinx/minorproject_final/project_1/project_1.srcs/sources_1/bd/design_1/ipshared/ca50/hdl/verilog/spmv_kernel_faddfsub_32ns_32ns_32_5_full_dsp_1.v" into library xil_defaultlib
INFO: [VRFC 10-311] analyzing module spmv_kernel_faddfsub_32ns_32ns_32_5_full_dsp_1
INFO: [VRFC 10-2263] Analyzing Verilog file "D:/xilinx/minorproject_final/project_1/project_1.srcs/sources_1/bd/design_1/ipshared/ca50/hdl/verilog/spmv_kernel_fmul_32ns_32ns_32_4_max_dsp_1.v" into library xil_defaultlib
INFO: [VRFC 10-311] analyzing module spmv_kernel_fmul_32ns_32ns_32_4_max_dsp_1
INFO: [VRFC 10-2263] Analyzing Verilog file "D:/xilinx/minorproject_final/project_1/project_1.srcs/sources_1/bd/design_1/ipshared/ca50/hdl/verilog/spmv_kernel_gmem_0_m_axi.v" into library xil_defaultlib
INFO: [VRFC 10-311] analyzing module spmv_kernel_gmem_0_m_axi
INFO: [VRFC 10-311] analyzing module spmv_kernel_gmem_0_m_axi_reg_slice
INFO: [VRFC 10-311] analyzing module spmv_kernel_gmem_0_m_axi_fifo
INFO: [VRFC 10-311] analyzing module spmv_kernel_gmem_0_m_axi_buffer
INFO: [VRFC 10-311] analyzing module spmv_kernel_gmem_0_m_axi_decoder
INFO: [VRFC 10-311] analyzing module spmv_kernel_gmem_0_m_axi_throttl
INFO: [VRFC 10-311] analyzing module spmv_kernel_gmem_0_m_axi_read
INFO: [VRFC 10-311] analyzing module spmv_kernel_gmem_0_m_axi_write
INFO: [VRFC 10-2263] Analyzing Verilog file "D:/xilinx/minorproject_final/project_1/project_1.srcs/sources_1/bd/design_1/ipshared/ca50/hdl/verilog/spmv_kernel_gmem_1_m_axi.v" into library xil_defaultlib
INFO: [VRFC 10-311] analyzing module spmv_kernel_gmem_1_m_axi
INFO: [VRFC 10-311] analyzing module spmv_kernel_gmem_1_m_axi_reg_slice
INFO: [VRFC 10-311] analyzing module spmv_kernel_gmem_1_m_axi_fifo
INFO: [VRFC 10-311] analyzing module spmv_kernel_gmem_1_m_axi_buffer
INFO: [VRFC 10-311] analyzing module spmv_kernel_gmem_1_m_axi_decoder
INFO: [VRFC 10-311] analyzing module spmv_kernel_gmem_1_m_axi_throttl
INFO: [VRFC 10-311] analyzing module spmv_kernel_gmem_1_m_axi_read
INFO: [VRFC 10-311] analyzing module spmv_kernel_gmem_1_m_axi_write
INFO: [VRFC 10-2263] Analyzing Verilog file "D:/xilinx/minorproject_final/project_1/project_1.srcs/sources_1/bd/design_1/ipshared/ca50/hdl/verilog/spmv_kernel_sitofp_32ns_32_6_no_dsp_1.v" into library xil_defaultlib
INFO: [VRFC 10-311] analyzing module spmv_kernel_sitofp_32ns_32_6_no_dsp_1
INFO: [VRFC 10-2263] Analyzing Verilog file "D:/xilinx/minorproject_final/project_1/project_1.srcs/sources_1/bd/design_1/ipshared/ca50/hdl/verilog/spmv_kernel_x_local.v" into library xil_defaultlib
INFO: [VRFC 10-311] analyzing module spmv_kernel_x_local_ram
INFO: [VRFC 10-311] analyzing module spmv_kernel_x_local
INFO: [VRFC 10-2263] Analyzing Verilog file "D:/xilinx/minorproject_final/project_1/project_1.srcs/sources_1/bd/design_1/ipshared/ca50/hdl/verilog/spmv_kernel.v" into library xil_defaultlib
INFO: [VRFC 10-311] analyzing module spmv_kernel
INFO: [VRFC 10-2263] Analyzing Verilog file "D:/xilinx/minorproject_final/project_1/project_1.ip_user_files/bd/design_1/sim/design_1.v" into library xil_defaultlib
INFO: [VRFC 10-311] analyzing module design_1
INFO: [VRFC 10-2263] Analyzing Verilog file "D:/xilinx/minorproject_final/project_1/project_1.srcs/sources_1/bd/design_1/hdl/design_1_wrapper.v" into library xil_defaultlib
INFO: [VRFC 10-311] analyzing module design_1_wrapper
INFO: [VRFC 10-2263] Analyzing Verilog file "D:/xilinx/minorproject_final/project_1/project_1.sim/sim_1/behav/xsim/glbl.v" into library xil_defaultlib
INFO: [VRFC 10-311] analyzing module glbl
INFO: [VRFC 10-163] Analyzing VHDL file "D:/xilinx/minorproject_final/project_1/project_1.srcs/sources_1/bd/design_1/ipshared/ca50/hdl/ip/spmv_kernel_ap_faddfsub_3_full_dsp_32.vhd" into library xil_defaultlib
INFO: [VRFC 10-3107] analyzing entity 'spmv_kernel_ap_faddfsub_3_full_dsp_32'
INFO: [VRFC 10-163] Analyzing VHDL file "D:/xilinx/minorproject_final/project_1/project_1.srcs/sources_1/bd/design_1/ipshared/ca50/hdl/ip/spmv_kernel_ap_fmul_2_max_dsp_32.vhd" into library xil_defaultlib
INFO: [VRFC 10-3107] analyzing entity 'spmv_kernel_ap_fmul_2_max_dsp_32'
INFO: [VRFC 10-163] Analyzing VHDL file "D:/xilinx/minorproject_final/project_1/project_1.srcs/sources_1/bd/design_1/ipshared/ca50/hdl/ip/spmv_kernel_ap_sitofp_4_no_dsp_32.vhd" into library xil_defaultlib
INFO: [VRFC 10-3107] analyzing entity 'spmv_kernel_ap_sitofp_4_no_dsp_32'
INFO: [VRFC 10-163] Analyzing VHDL file "D:/xilinx/minorproject_final/project_1/project_1.ip_user_files/bd/design_1/ip/design_1_spmv_kernel_0_0/sim/design_1_spmv_kernel_0_0.vhd" into library xil_defaultlib
INFO: [VRFC 10-3107] analyzing entity 'design_1_spmv_kernel_0_0'
